{"logLevel":"debug","message":"multithreading is set to false"}
{"logLevel":"debug","message":"Using reflection to scan dependencies for gauge implementations..."}
{"logLevel":"debug","message":"gauge-java took 741milliseconds to load and scan. This should be less than 'runner_connection_timeout' config value."}
{"logLevel":"debug","message":"run 'gauge config runner_connection_timeout' and verify that it is < 741"}
{"logLevel":"debug","message":"starting gRPC server..."}
{"logLevel":"debug","message":"started gRPC server on port 64137"}
{"logLevel":"info","message":"Listening on port:64137"}
{"logLevel":"debug","message":"Scanning packages for steps"}
{"logLevel":"debug","message":"Comparing 'com.apitest.steps.DeleteMethods.deletePost' and 'com.apitest.steps.DeleteMethods.deletePost'"}
{"logLevel":"debug","message":"Found Oluşturulan post silinir in current project scope."}
{"logLevel":"debug","message":"Comparing 'com.apitest.steps.DeleteMethods.deleteStudent' and 'com.apitest.steps.DeleteMethods.deleteStudent'"}
{"logLevel":"debug","message":"Found {} id'li kullanıcıyı sil in current project scope."}
{"logLevel":"debug","message":"Comparing 'com.apitest.steps.GetMethods.getAllUsers' and 'com.apitest.steps.GetMethods.getAllUsers'"}
{"logLevel":"debug","message":"Found Kullanıcı listesinin tümünü getir in current project scope."}
{"logLevel":"debug","message":"Comparing 'com.apitest.steps.GetMethods.getUserInfoWithId' and 'com.apitest.steps.GetMethods.getUserInfoWithId'"}
{"logLevel":"debug","message":"Found id = {} olan kullanıcı bilgilerini getir in current project scope."}
{"logLevel":"debug","message":"Comparing 'com.apitest.steps.PutMethods.updatePost' and 'com.apitest.steps.PutMethods.updatePost'"}
{"logLevel":"debug","message":"Found Oluşturulan post güncellenir in current project scope."}
{"logLevel":"debug","message":"Comparing 'com.apitest.steps.PostMethods.createNewPost' and 'com.apitest.steps.PostMethods.createNewPost'"}
{"logLevel":"debug","message":"Found Yeni bir post oluştur in current project scope."}
{"logLevel":"debug","message":"Scanning packages for hooks"}
{"logLevel":"debug","message":"Scanned steps (using static parsing + reflections): "}
{"logLevel":"debug","message":"\tOluşturulan post güncellenir : public void updatePost() throws IOException"}
{"logLevel":"debug","message":"\tKullanıcı listesinin tümünü getir : public void getAllUsers()"}
{"logLevel":"debug","message":"\tid = {} olan kullanıcı bilgilerini getir : public void getUserInfoWithId(ınt id)"}
{"logLevel":"debug","message":"\tYeni bir post oluştur : public void createNewPost() throws IOException"}
{"logLevel":"debug","message":"\t{} id'li kullanıcıyı sil : public void deleteStudent(ınt id)"}
{"logLevel":"debug","message":"\tOluşturulan post silinir : public void deletePost()"}
{"logLevel":"debug","message":"Executing 'Yeni bir post oluştur' using 'class com.apitest.steps.PostMethods.createNewPost"}
Request method:	POST
Request URI:	http://jsonplaceholder.typicode.com/posts
Proxy:			<none>
Request params:	<none>
Query params:	<none>
Form params:	<none>
Path params:	<none>
Headers:		Accept=*/*
				Content-Type=application/json; charset=UTF-8
Cookies:		<none>
Multiparts:		<none>
Body:
{
    "userId": 10,
    "id": 101,
    "title": "new post",
    "body": "delectus reiciendis molestiae occaecati non minima eveniet qui voluptatibus"
}
{"logLevel":"debug","message":"Executing 'Oluşturulan post güncellenir' using 'class com.apitest.steps.PutMethods.updatePost"}
Request method:	PUT
Request URI:	http://jsonplaceholder.typicode.com/posts/1
Proxy:			<none>
Request params:	<none>
Query params:	<none>
Form params:	<none>
Path params:	<none>
Headers:		Accept=*/*
				Content-Type=application/json; charset=UTF-8
Cookies:		<none>
Multiparts:		<none>
Body:
{
    "userId": 10,
    "id": 101,
    "title": "update post post",
    "body": "test"
}
{"logLevel":"debug","message":"Executing 'Oluşturulan post silinir' using 'class com.apitest.steps.DeleteMethods.deletePost"}
Request method:	DELETE
Request URI:	http://jsonplaceholder.typicode.com/posts/1
Proxy:			<none>
Request params:	<none>
Query params:	<none>
Form params:	<none>
Path params:	<none>
Headers:		Accept=*/*
				Content-Type=application/json; charset=UTF-8
Cookies:		<none>
Multiparts:		<none>
Body:			<none>
{"logLevel":"debug","message":"Killing Java runner..."}
{"logLevel":"debug","message":"Stopping execution pool..."}
{"logLevel":"debug","message":"Shutting down grpc server..."}
{"logLevel":"debug","message":"Runner killed gracefully."}
