{"logLevel":"debug","message":"multithreading is set to false"}
{"logLevel":"debug","message":"Using reflection to scan dependencies for gauge implementations..."}
{"logLevel":"debug","message":"gauge-java took 570milliseconds to load and scan. This should be less than 'runner_connection_timeout' config value."}
{"logLevel":"debug","message":"run 'gauge config runner_connection_timeout' and verify that it is < 570"}
{"logLevel":"debug","message":"starting gRPC server..."}
{"logLevel":"debug","message":"started gRPC server on port 50102"}
{"logLevel":"info","message":"Listening on port:50102"}
{"logLevel":"debug","message":"Scanning packages for steps"}
{"logLevel":"debug","message":"Comparing 'com.apitest.steps.PostMethods.createNewUser' and 'com.apitest.steps.PostMethods.createNewUser'"}
{"logLevel":"debug","message":"Found Yeni bir kullanıcı oluştur in current project scope."}
{"logLevel":"debug","message":"Comparing 'com.apitest.steps.GetMethods.getAllUsers' and 'com.apitest.steps.GetMethods.getAllUsers'"}
{"logLevel":"debug","message":"Found Kullanıcı listesinin tümünü getir in current project scope."}
{"logLevel":"debug","message":"Comparing 'com.apitest.steps.GetMethods.getUserInfoWithId' and 'com.apitest.steps.GetMethods.getUserInfoWithId'"}
{"logLevel":"debug","message":"Found id = {} olan kullanıcı bilgilerini getir in current project scope."}
{"logLevel":"debug","message":"Scanning packages for hooks"}
{"logLevel":"debug","message":"Scanned steps (using static parsing + reflections): "}
{"logLevel":"debug","message":"\tYeni bir kullanıcı oluştur : public void createNewUser() throws IOException"}
{"logLevel":"debug","message":"\tKullanıcı listesinin tümünü getir : public void getAllUsers()"}
{"logLevel":"debug","message":"\tid = {} olan kullanıcı bilgilerini getir : public void getUserInfoWithId(ınt id)"}
{"logLevel":"debug","message":"Executing 'Yeni bir kullanıcı oluştur' using 'class com.apitest.steps.PostMethods.createNewUser"}
{"logLevel":"debug","message":"Killing Java runner..."}
{"logLevel":"debug","message":"Stopping execution pool..."}
{"logLevel":"debug","message":"Shutting down grpc server..."}
{"logLevel":"debug","message":"Runner killed gracefully."}
