{"logLevel":"debug","message":"multithreading is set to false"}
{"logLevel":"debug","message":"Using reflection to scan dependencies for gauge implementations..."}
{"logLevel":"debug","message":"gauge-java took 564milliseconds to load and scan. This should be less than 'runner_connection_timeout' config value."}
{"logLevel":"debug","message":"run 'gauge config runner_connection_timeout' and verify that it is < 564"}
{"logLevel":"debug","message":"starting gRPC server..."}
{"logLevel":"debug","message":"started gRPC server on port 56237"}
{"logLevel":"info","message":"Listening on port:56237"}
{"logLevel":"debug","message":"Scanning packages for steps"}
{"logLevel":"debug","message":"Comparing 'com.apitest.steps.GetMethods.getAllUsers' and 'com.apitest.steps.GetMethods.getAllUsers'"}
{"logLevel":"debug","message":"Found Kullanıcı listesinin tümünü getir in current project scope."}
{"logLevel":"debug","message":"Comparing 'com.apitest.steps.GetMethods.getUserInfoWithId' and 'com.apitest.steps.GetMethods.getUserInfoWithId'"}
{"logLevel":"debug","message":"Found id'si {} olan kullanıcı bilgilerini getir in current project scope."}
{"logLevel":"debug","message":"Scanning packages for hooks"}
{"logLevel":"debug","message":"Scanned steps (using static parsing + reflections): "}
{"logLevel":"debug","message":"\tKullanıcı listesinin tümünü getir : public void getAllUsers()"}
{"logLevel":"debug","message":"\tid'si {} olan kullanıcı bilgilerini getir : public void getUserInfoWithId(ınt id)"}
{"logLevel":"debug","message":"Executing 'id'si {} olan kullanıcı bilgilerini getir' using 'class com.apitest.steps.GetMethods.getUserInfoWithId"}
Request method:	GET
Request URI:	http://jsonplaceholder.typicode.com/users?id=2
Proxy:			<none>
Request params:	<none>
Query params:	id=2
Form params:	<none>
Path params:	<none>
Headers:		Accept=application/json, application/javascript, text/javascript, text/json
				Content-Type=application/json; charset=UTF-8
Cookies:		<none>
Multiparts:		<none>
Body:			<none>
[
    {
        "id": 2,
        "name": "Ervin Howell",
        "username": "Antonette",
        "email": "Shanna@melissa.tv",
        "address": {
            "street": "Victor Plains",
            "suite": "Suite 879",
            "city": "Wisokyburgh",
            "zipcode": "90566-7771",
            "geo": {
                "lat": "-43.9509",
                "lng": "-34.4618"
            }
        },
        "phone": "010-692-6593 x09125",
        "website": "anastasia.net",
        "company": {
            "name": "Deckow-Crist",
            "catchPhrase": "Proactive didactic contingency",
            "bs": "synergize scalable supply-chains"
        }
    }
]
{"logLevel":"debug","message":"Killing Java runner..."}
{"logLevel":"debug","message":"Stopping execution pool..."}
{"logLevel":"debug","message":"Shutting down grpc server..."}
{"logLevel":"debug","message":"Runner killed gracefully."}
